CRITICAL - 2024-01-09 01:36:59 --> Undefined array key "Steve Rogers"
in APPPATH\Controllers\PembayaranController.php on line 95.
 1 APPPATH\Controllers\PembayaranController.php(95): CodeIgniter\Debug\Exceptions->errorHandler()
 2 SYSTEMPATH\CodeIgniter.php(942): App\Controllers\PembayaranController->bayar()
 3 SYSTEMPATH\CodeIgniter.php(502): CodeIgniter\CodeIgniter->runController()
 4 SYSTEMPATH\CodeIgniter.php(361): CodeIgniter\CodeIgniter->handleRequest()
 5 FCPATH\index.php(79): CodeIgniter\CodeIgniter->run()
 6 SYSTEMPATH\Commands\Server\rewrite.php(47): require_once('C:\\xampp\\htdocs\\uas_ap2\\public\\index.php')
CRITICAL - 2024-01-09 01:37:30 --> Undefined array key "Steve Rogers"
in APPPATH\Controllers\PembayaranController.php on line 95.
 1 APPPATH\Controllers\PembayaranController.php(95): CodeIgniter\Debug\Exceptions->errorHandler()
 2 SYSTEMPATH\CodeIgniter.php(942): App\Controllers\PembayaranController->bayar()
 3 SYSTEMPATH\CodeIgniter.php(502): CodeIgniter\CodeIgniter->runController()
 4 SYSTEMPATH\CodeIgniter.php(361): CodeIgniter\CodeIgniter->handleRequest()
 5 FCPATH\index.php(79): CodeIgniter\CodeIgniter->run()
 6 SYSTEMPATH\Commands\Server\rewrite.php(47): require_once('C:\\xampp\\htdocs\\uas_ap2\\public\\index.php')
CRITICAL - 2024-01-09 01:39:27 --> Undefined array key "Steve Rogers"
in APPPATH\Controllers\PembayaranController.php on line 95.
 1 APPPATH\Controllers\PembayaranController.php(95): CodeIgniter\Debug\Exceptions->errorHandler()
 2 SYSTEMPATH\CodeIgniter.php(942): App\Controllers\PembayaranController->bayar()
 3 SYSTEMPATH\CodeIgniter.php(502): CodeIgniter\CodeIgniter->runController()
 4 SYSTEMPATH\CodeIgniter.php(361): CodeIgniter\CodeIgniter->handleRequest()
 5 FCPATH\index.php(79): CodeIgniter\CodeIgniter->run()
 6 SYSTEMPATH\Commands\Server\rewrite.php(47): require_once('C:\\xampp\\htdocs\\uas_ap2\\public\\index.php')
