ERROR - 2023-12-20 04:26:00 --> Error connecting to the database: mysqli_sql_exception: Access denied for user 'root'@'localhost' (using password: YES) in C:\xampp\htdocs\uas_ap2\vendor\codeigniter4\framework\system\Database\MySQLi\Connection.php:184
Stack trace:
#0 C:\xampp\htdocs\uas_ap2\vendor\codeigniter4\framework\system\Database\MySQLi\Connection.php(184): mysqli->real_connect()
#1 C:\xampp\htdocs\uas_ap2\vendor\codeigniter4\framework\system\Database\BaseConnection.php(392): CodeIgniter\Database\MySQLi\Connection->connect()
#2 C:\xampp\htdocs\uas_ap2\vendor\codeigniter4\framework\system\Database\BaseConnection.php(575): CodeIgniter\Database\BaseConnection->initialize()
#3 C:\xampp\htdocs\uas_ap2\vendor\codeigniter4\framework\system\Database\BaseBuilder.php(2308): CodeIgniter\Database\BaseConnection->query()
#4 C:\xampp\htdocs\uas_ap2\vendor\codeigniter4\framework\system\Model.php(319): CodeIgniter\Database\BaseBuilder->insert()
#5 C:\xampp\htdocs\uas_ap2\vendor\codeigniter4\framework\system\BaseModel.php(788): CodeIgniter\Model->doInsert()
#6 C:\xampp\htdocs\uas_ap2\vendor\codeigniter4\framework\system\Model.php(715): CodeIgniter\BaseModel->insert()
#7 C:\xampp\htdocs\uas_ap2\app\Controllers\PembayaranController.php(145): CodeIgniter\Model->insert()
#8 C:\xampp\htdocs\uas_ap2\vendor\codeigniter4\framework\system\CodeIgniter.php(942): App\Controllers\PembayaranController->bayar()
#9 C:\xampp\htdocs\uas_ap2\vendor\codeigniter4\framework\system\CodeIgniter.php(502): CodeIgniter\CodeIgniter->runController()
#10 C:\xampp\htdocs\uas_ap2\vendor\codeigniter4\framework\system\CodeIgniter.php(361): CodeIgniter\CodeIgniter->handleRequest()
#11 C:\xampp\htdocs\uas_ap2\public\index.php(79): CodeIgniter\CodeIgniter->run()
#12 C:\xampp\htdocs\uas_ap2\vendor\codeigniter4\framework\system\Commands\Server\rewrite.php(47): require_once('...')
#13 {main}

Next CodeIgniter\Database\Exceptions\DatabaseException: Access denied for user '****'@'localhost' (using password: YES) in C:\xampp\htdocs\uas_ap2\vendor\codeigniter4\framework\system\Database\MySQLi\Connection.php:229
Stack trace:
#0 C:\xampp\htdocs\uas_ap2\vendor\codeigniter4\framework\system\Database\BaseConnection.php(392): CodeIgniter\Database\MySQLi\Connection->connect()
#1 C:\xampp\htdocs\uas_ap2\vendor\codeigniter4\framework\system\Database\BaseConnection.php(575): CodeIgniter\Database\BaseConnection->initialize()
#2 C:\xampp\htdocs\uas_ap2\vendor\codeigniter4\framework\system\Database\BaseBuilder.php(2308): CodeIgniter\Database\BaseConnection->query()
#3 C:\xampp\htdocs\uas_ap2\vendor\codeigniter4\framework\system\Model.php(319): CodeIgniter\Database\BaseBuilder->insert()
#4 C:\xampp\htdocs\uas_ap2\vendor\codeigniter4\framework\system\BaseModel.php(788): CodeIgniter\Model->doInsert()
#5 C:\xampp\htdocs\uas_ap2\vendor\codeigniter4\framework\system\Model.php(715): CodeIgniter\BaseModel->insert()
#6 C:\xampp\htdocs\uas_ap2\app\Controllers\PembayaranController.php(145): CodeIgniter\Model->insert()
#7 C:\xampp\htdocs\uas_ap2\vendor\codeigniter4\framework\system\CodeIgniter.php(942): App\Controllers\PembayaranController->bayar()
#8 C:\xampp\htdocs\uas_ap2\vendor\codeigniter4\framework\system\CodeIgniter.php(502): CodeIgniter\CodeIgniter->runController()
#9 C:\xampp\htdocs\uas_ap2\vendor\codeigniter4\framework\system\CodeIgniter.php(361): CodeIgniter\CodeIgniter->handleRequest()
#10 C:\xampp\htdocs\uas_ap2\public\index.php(79): CodeIgniter\CodeIgniter->run()
#11 C:\xampp\htdocs\uas_ap2\vendor\codeigniter4\framework\system\Commands\Server\rewrite.php(47): require_once('...')
#12 {main}
CRITICAL - 2023-12-20 04:26:00 --> Unable to connect to the database.
Main connection [MySQLi]: Access denied for user '****'@'localhost' (using password: YES)
in SYSTEMPATH\Database\BaseConnection.php on line 428.
 1 SYSTEMPATH\Database\BaseConnection.php(575): CodeIgniter\Database\BaseConnection->initialize()
 2 SYSTEMPATH\Database\BaseBuilder.php(2308): CodeIgniter\Database\BaseConnection->query()
 3 SYSTEMPATH\Model.php(319): CodeIgniter\Database\BaseBuilder->insert()
 4 SYSTEMPATH\BaseModel.php(788): CodeIgniter\Model->doInsert()
 5 SYSTEMPATH\Model.php(715): CodeIgniter\BaseModel->insert()
 6 APPPATH\Controllers\PembayaranController.php(145): CodeIgniter\Model->insert()
 7 SYSTEMPATH\CodeIgniter.php(942): App\Controllers\PembayaranController->bayar()
 8 SYSTEMPATH\CodeIgniter.php(502): CodeIgniter\CodeIgniter->runController()
 9 SYSTEMPATH\CodeIgniter.php(361): CodeIgniter\CodeIgniter->handleRequest()
10 FCPATH\index.php(79): CodeIgniter\CodeIgniter->run()
11 SYSTEMPATH\Commands\Server\rewrite.php(47): require_once('C:\\xampp\\htdocs\\uas_ap2\\public\\index.php')
ERROR - 2023-12-20 04:27:09 --> mysqli_sql_exception: Duplicate entry '' for key 'PRIMARY' in C:\xampp\htdocs\uas_ap2\vendor\codeigniter4\framework\system\Database\MySQLi\Connection.php:306
Stack trace:
#0 C:\xampp\htdocs\uas_ap2\vendor\codeigniter4\framework\system\Database\MySQLi\Connection.php(306): mysqli->query()
#1 C:\xampp\htdocs\uas_ap2\vendor\codeigniter4\framework\system\Database\BaseConnection.php(693): CodeIgniter\Database\MySQLi\Connection->execute()
#2 C:\xampp\htdocs\uas_ap2\vendor\codeigniter4\framework\system\Database\BaseConnection.php(607): CodeIgniter\Database\BaseConnection->simpleQuery()
#3 C:\xampp\htdocs\uas_ap2\vendor\codeigniter4\framework\system\Database\BaseBuilder.php(2308): CodeIgniter\Database\BaseConnection->query()
#4 C:\xampp\htdocs\uas_ap2\vendor\codeigniter4\framework\system\Model.php(319): CodeIgniter\Database\BaseBuilder->insert()
#5 C:\xampp\htdocs\uas_ap2\vendor\codeigniter4\framework\system\BaseModel.php(788): CodeIgniter\Model->doInsert()
#6 C:\xampp\htdocs\uas_ap2\vendor\codeigniter4\framework\system\Model.php(715): CodeIgniter\BaseModel->insert()
#7 C:\xampp\htdocs\uas_ap2\app\Controllers\PembayaranController.php(145): CodeIgniter\Model->insert()
#8 C:\xampp\htdocs\uas_ap2\vendor\codeigniter4\framework\system\CodeIgniter.php(942): App\Controllers\PembayaranController->bayar()
#9 C:\xampp\htdocs\uas_ap2\vendor\codeigniter4\framework\system\CodeIgniter.php(502): CodeIgniter\CodeIgniter->runController()
#10 C:\xampp\htdocs\uas_ap2\vendor\codeigniter4\framework\system\CodeIgniter.php(361): CodeIgniter\CodeIgniter->handleRequest()
#11 C:\xampp\htdocs\uas_ap2\public\index.php(79): CodeIgniter\CodeIgniter->run()
#12 C:\xampp\htdocs\uas_ap2\vendor\codeigniter4\framework\system\Commands\Server\rewrite.php(47): require_once('...')
#13 {main}
CRITICAL - 2023-12-20 04:27:09 --> Duplicate entry '' for key 'PRIMARY'
in SYSTEMPATH\Database\BaseConnection.php on line 647.
 1 SYSTEMPATH\Database\BaseBuilder.php(2308): CodeIgniter\Database\BaseConnection->query()
 2 SYSTEMPATH\Model.php(319): CodeIgniter\Database\BaseBuilder->insert()
 3 SYSTEMPATH\BaseModel.php(788): CodeIgniter\Model->doInsert()
 4 SYSTEMPATH\Model.php(715): CodeIgniter\BaseModel->insert()
 5 APPPATH\Controllers\PembayaranController.php(145): CodeIgniter\Model->insert()
 6 SYSTEMPATH\CodeIgniter.php(942): App\Controllers\PembayaranController->bayar()
 7 SYSTEMPATH\CodeIgniter.php(502): CodeIgniter\CodeIgniter->runController()
 8 SYSTEMPATH\CodeIgniter.php(361): CodeIgniter\CodeIgniter->handleRequest()
 9 FCPATH\index.php(79): CodeIgniter\CodeIgniter->run()
10 SYSTEMPATH\Commands\Server\rewrite.php(47): require_once('C:\\xampp\\htdocs\\uas_ap2\\public\\index.php')
ERROR - 2023-12-20 04:41:47 --> mysqli_sql_exception: Duplicate entry '' for key 'PRIMARY' in C:\xampp\htdocs\uas_ap2\vendor\codeigniter4\framework\system\Database\MySQLi\Connection.php:306
Stack trace:
#0 C:\xampp\htdocs\uas_ap2\vendor\codeigniter4\framework\system\Database\MySQLi\Connection.php(306): mysqli->query()
#1 C:\xampp\htdocs\uas_ap2\vendor\codeigniter4\framework\system\Database\BaseConnection.php(693): CodeIgniter\Database\MySQLi\Connection->execute()
#2 C:\xampp\htdocs\uas_ap2\vendor\codeigniter4\framework\system\Database\BaseConnection.php(607): CodeIgniter\Database\BaseConnection->simpleQuery()
#3 C:\xampp\htdocs\uas_ap2\vendor\codeigniter4\framework\system\Database\BaseBuilder.php(2308): CodeIgniter\Database\BaseConnection->query()
#4 C:\xampp\htdocs\uas_ap2\vendor\codeigniter4\framework\system\Model.php(319): CodeIgniter\Database\BaseBuilder->insert()
#5 C:\xampp\htdocs\uas_ap2\vendor\codeigniter4\framework\system\BaseModel.php(788): CodeIgniter\Model->doInsert()
#6 C:\xampp\htdocs\uas_ap2\vendor\codeigniter4\framework\system\Model.php(715): CodeIgniter\BaseModel->insert()
#7 C:\xampp\htdocs\uas_ap2\app\Controllers\PembayaranController.php(145): CodeIgniter\Model->insert()
#8 C:\xampp\htdocs\uas_ap2\vendor\codeigniter4\framework\system\CodeIgniter.php(942): App\Controllers\PembayaranController->bayar()
#9 C:\xampp\htdocs\uas_ap2\vendor\codeigniter4\framework\system\CodeIgniter.php(502): CodeIgniter\CodeIgniter->runController()
#10 C:\xampp\htdocs\uas_ap2\vendor\codeigniter4\framework\system\CodeIgniter.php(361): CodeIgniter\CodeIgniter->handleRequest()
#11 C:\xampp\htdocs\uas_ap2\public\index.php(79): CodeIgniter\CodeIgniter->run()
#12 C:\xampp\htdocs\uas_ap2\vendor\codeigniter4\framework\system\Commands\Server\rewrite.php(47): require_once('...')
#13 {main}
CRITICAL - 2023-12-20 04:41:47 --> Duplicate entry '' for key 'PRIMARY'
in SYSTEMPATH\Database\BaseConnection.php on line 647.
 1 SYSTEMPATH\Database\BaseBuilder.php(2308): CodeIgniter\Database\BaseConnection->query()
 2 SYSTEMPATH\Model.php(319): CodeIgniter\Database\BaseBuilder->insert()
 3 SYSTEMPATH\BaseModel.php(788): CodeIgniter\Model->doInsert()
 4 SYSTEMPATH\Model.php(715): CodeIgniter\BaseModel->insert()
 5 APPPATH\Controllers\PembayaranController.php(145): CodeIgniter\Model->insert()
 6 SYSTEMPATH\CodeIgniter.php(942): App\Controllers\PembayaranController->bayar()
 7 SYSTEMPATH\CodeIgniter.php(502): CodeIgniter\CodeIgniter->runController()
 8 SYSTEMPATH\CodeIgniter.php(361): CodeIgniter\CodeIgniter->handleRequest()
 9 FCPATH\index.php(79): CodeIgniter\CodeIgniter->run()
10 SYSTEMPATH\Commands\Server\rewrite.php(47): require_once('C:\\xampp\\htdocs\\uas_ap2\\public\\index.php')
ERROR - 2023-12-20 04:41:55 --> mysqli_sql_exception: Duplicate entry '' for key 'PRIMARY' in C:\xampp\htdocs\uas_ap2\vendor\codeigniter4\framework\system\Database\MySQLi\Connection.php:306
Stack trace:
#0 C:\xampp\htdocs\uas_ap2\vendor\codeigniter4\framework\system\Database\MySQLi\Connection.php(306): mysqli->query()
#1 C:\xampp\htdocs\uas_ap2\vendor\codeigniter4\framework\system\Database\BaseConnection.php(693): CodeIgniter\Database\MySQLi\Connection->execute()
#2 C:\xampp\htdocs\uas_ap2\vendor\codeigniter4\framework\system\Database\BaseConnection.php(607): CodeIgniter\Database\BaseConnection->simpleQuery()
#3 C:\xampp\htdocs\uas_ap2\vendor\codeigniter4\framework\system\Database\BaseBuilder.php(2308): CodeIgniter\Database\BaseConnection->query()
#4 C:\xampp\htdocs\uas_ap2\vendor\codeigniter4\framework\system\Model.php(319): CodeIgniter\Database\BaseBuilder->insert()
#5 C:\xampp\htdocs\uas_ap2\vendor\codeigniter4\framework\system\BaseModel.php(788): CodeIgniter\Model->doInsert()
#6 C:\xampp\htdocs\uas_ap2\vendor\codeigniter4\framework\system\Model.php(715): CodeIgniter\BaseModel->insert()
#7 C:\xampp\htdocs\uas_ap2\app\Controllers\PembayaranController.php(145): CodeIgniter\Model->insert()
#8 C:\xampp\htdocs\uas_ap2\vendor\codeigniter4\framework\system\CodeIgniter.php(942): App\Controllers\PembayaranController->bayar()
#9 C:\xampp\htdocs\uas_ap2\vendor\codeigniter4\framework\system\CodeIgniter.php(502): CodeIgniter\CodeIgniter->runController()
#10 C:\xampp\htdocs\uas_ap2\vendor\codeigniter4\framework\system\CodeIgniter.php(361): CodeIgniter\CodeIgniter->handleRequest()
#11 C:\xampp\htdocs\uas_ap2\public\index.php(79): CodeIgniter\CodeIgniter->run()
#12 C:\xampp\htdocs\uas_ap2\vendor\codeigniter4\framework\system\Commands\Server\rewrite.php(47): require_once('...')
#13 {main}
CRITICAL - 2023-12-20 04:41:55 --> Duplicate entry '' for key 'PRIMARY'
in SYSTEMPATH\Database\BaseConnection.php on line 647.
 1 SYSTEMPATH\Database\BaseBuilder.php(2308): CodeIgniter\Database\BaseConnection->query()
 2 SYSTEMPATH\Model.php(319): CodeIgniter\Database\BaseBuilder->insert()
 3 SYSTEMPATH\BaseModel.php(788): CodeIgniter\Model->doInsert()
 4 SYSTEMPATH\Model.php(715): CodeIgniter\BaseModel->insert()
 5 APPPATH\Controllers\PembayaranController.php(145): CodeIgniter\Model->insert()
 6 SYSTEMPATH\CodeIgniter.php(942): App\Controllers\PembayaranController->bayar()
 7 SYSTEMPATH\CodeIgniter.php(502): CodeIgniter\CodeIgniter->runController()
 8 SYSTEMPATH\CodeIgniter.php(361): CodeIgniter\CodeIgniter->handleRequest()
 9 FCPATH\index.php(79): CodeIgniter\CodeIgniter->run()
10 SYSTEMPATH\Commands\Server\rewrite.php(47): require_once('C:\\xampp\\htdocs\\uas_ap2\\public\\index.php')
ERROR - 2023-12-20 04:42:31 --> mysqli_sql_exception: Duplicate entry '' for key 'PRIMARY' in C:\xampp\htdocs\uas_ap2\vendor\codeigniter4\framework\system\Database\MySQLi\Connection.php:306
Stack trace:
#0 C:\xampp\htdocs\uas_ap2\vendor\codeigniter4\framework\system\Database\MySQLi\Connection.php(306): mysqli->query()
#1 C:\xampp\htdocs\uas_ap2\vendor\codeigniter4\framework\system\Database\BaseConnection.php(693): CodeIgniter\Database\MySQLi\Connection->execute()
#2 C:\xampp\htdocs\uas_ap2\vendor\codeigniter4\framework\system\Database\BaseConnection.php(607): CodeIgniter\Database\BaseConnection->simpleQuery()
#3 C:\xampp\htdocs\uas_ap2\vendor\codeigniter4\framework\system\Database\BaseBuilder.php(2308): CodeIgniter\Database\BaseConnection->query()
#4 C:\xampp\htdocs\uas_ap2\vendor\codeigniter4\framework\system\Model.php(319): CodeIgniter\Database\BaseBuilder->insert()
#5 C:\xampp\htdocs\uas_ap2\vendor\codeigniter4\framework\system\BaseModel.php(788): CodeIgniter\Model->doInsert()
#6 C:\xampp\htdocs\uas_ap2\vendor\codeigniter4\framework\system\Model.php(715): CodeIgniter\BaseModel->insert()
#7 C:\xampp\htdocs\uas_ap2\app\Controllers\PembayaranController.php(145): CodeIgniter\Model->insert()
#8 C:\xampp\htdocs\uas_ap2\vendor\codeigniter4\framework\system\CodeIgniter.php(942): App\Controllers\PembayaranController->bayar()
#9 C:\xampp\htdocs\uas_ap2\vendor\codeigniter4\framework\system\CodeIgniter.php(502): CodeIgniter\CodeIgniter->runController()
#10 C:\xampp\htdocs\uas_ap2\vendor\codeigniter4\framework\system\CodeIgniter.php(361): CodeIgniter\CodeIgniter->handleRequest()
#11 C:\xampp\htdocs\uas_ap2\public\index.php(79): CodeIgniter\CodeIgniter->run()
#12 C:\xampp\htdocs\uas_ap2\vendor\codeigniter4\framework\system\Commands\Server\rewrite.php(47): require_once('...')
#13 {main}
CRITICAL - 2023-12-20 04:42:31 --> Duplicate entry '' for key 'PRIMARY'
in SYSTEMPATH\Database\BaseConnection.php on line 647.
 1 SYSTEMPATH\Database\BaseBuilder.php(2308): CodeIgniter\Database\BaseConnection->query()
 2 SYSTEMPATH\Model.php(319): CodeIgniter\Database\BaseBuilder->insert()
 3 SYSTEMPATH\BaseModel.php(788): CodeIgniter\Model->doInsert()
 4 SYSTEMPATH\Model.php(715): CodeIgniter\BaseModel->insert()
 5 APPPATH\Controllers\PembayaranController.php(145): CodeIgniter\Model->insert()
 6 SYSTEMPATH\CodeIgniter.php(942): App\Controllers\PembayaranController->bayar()
 7 SYSTEMPATH\CodeIgniter.php(502): CodeIgniter\CodeIgniter->runController()
 8 SYSTEMPATH\CodeIgniter.php(361): CodeIgniter\CodeIgniter->handleRequest()
 9 FCPATH\index.php(79): CodeIgniter\CodeIgniter->run()
10 SYSTEMPATH\Commands\Server\rewrite.php(47): require_once('C:\\xampp\\htdocs\\uas_ap2\\public\\index.php')
ERROR - 2023-12-20 04:43:30 --> mysqli_sql_exception: Duplicate entry '' for key 'PRIMARY' in C:\xampp\htdocs\uas_ap2\vendor\codeigniter4\framework\system\Database\MySQLi\Connection.php:306
Stack trace:
#0 C:\xampp\htdocs\uas_ap2\vendor\codeigniter4\framework\system\Database\MySQLi\Connection.php(306): mysqli->query()
#1 C:\xampp\htdocs\uas_ap2\vendor\codeigniter4\framework\system\Database\BaseConnection.php(693): CodeIgniter\Database\MySQLi\Connection->execute()
#2 C:\xampp\htdocs\uas_ap2\vendor\codeigniter4\framework\system\Database\BaseConnection.php(607): CodeIgniter\Database\BaseConnection->simpleQuery()
#3 C:\xampp\htdocs\uas_ap2\vendor\codeigniter4\framework\system\Database\BaseBuilder.php(2308): CodeIgniter\Database\BaseConnection->query()
#4 C:\xampp\htdocs\uas_ap2\vendor\codeigniter4\framework\system\Model.php(319): CodeIgniter\Database\BaseBuilder->insert()
#5 C:\xampp\htdocs\uas_ap2\vendor\codeigniter4\framework\system\BaseModel.php(788): CodeIgniter\Model->doInsert()
#6 C:\xampp\htdocs\uas_ap2\vendor\codeigniter4\framework\system\Model.php(715): CodeIgniter\BaseModel->insert()
#7 C:\xampp\htdocs\uas_ap2\app\Controllers\PembayaranController.php(145): CodeIgniter\Model->insert()
#8 C:\xampp\htdocs\uas_ap2\vendor\codeigniter4\framework\system\CodeIgniter.php(942): App\Controllers\PembayaranController->bayar()
#9 C:\xampp\htdocs\uas_ap2\vendor\codeigniter4\framework\system\CodeIgniter.php(502): CodeIgniter\CodeIgniter->runController()
#10 C:\xampp\htdocs\uas_ap2\vendor\codeigniter4\framework\system\CodeIgniter.php(361): CodeIgniter\CodeIgniter->handleRequest()
#11 C:\xampp\htdocs\uas_ap2\public\index.php(79): CodeIgniter\CodeIgniter->run()
#12 C:\xampp\htdocs\uas_ap2\vendor\codeigniter4\framework\system\Commands\Server\rewrite.php(47): require_once('...')
#13 {main}
CRITICAL - 2023-12-20 04:43:30 --> Duplicate entry '' for key 'PRIMARY'
in SYSTEMPATH\Database\BaseConnection.php on line 647.
 1 SYSTEMPATH\Database\BaseBuilder.php(2308): CodeIgniter\Database\BaseConnection->query()
 2 SYSTEMPATH\Model.php(319): CodeIgniter\Database\BaseBuilder->insert()
 3 SYSTEMPATH\BaseModel.php(788): CodeIgniter\Model->doInsert()
 4 SYSTEMPATH\Model.php(715): CodeIgniter\BaseModel->insert()
 5 APPPATH\Controllers\PembayaranController.php(145): CodeIgniter\Model->insert()
 6 SYSTEMPATH\CodeIgniter.php(942): App\Controllers\PembayaranController->bayar()
 7 SYSTEMPATH\CodeIgniter.php(502): CodeIgniter\CodeIgniter->runController()
 8 SYSTEMPATH\CodeIgniter.php(361): CodeIgniter\CodeIgniter->handleRequest()
 9 FCPATH\index.php(79): CodeIgniter\CodeIgniter->run()
10 SYSTEMPATH\Commands\Server\rewrite.php(47): require_once('C:\\xampp\\htdocs\\uas_ap2\\public\\index.php')
ERROR - 2023-12-20 04:45:33 --> mysqli_sql_exception: Duplicate entry '' for key 'PRIMARY' in C:\xampp\htdocs\uas_ap2\vendor\codeigniter4\framework\system\Database\MySQLi\Connection.php:306
Stack trace:
#0 C:\xampp\htdocs\uas_ap2\vendor\codeigniter4\framework\system\Database\MySQLi\Connection.php(306): mysqli->query()
#1 C:\xampp\htdocs\uas_ap2\vendor\codeigniter4\framework\system\Database\BaseConnection.php(693): CodeIgniter\Database\MySQLi\Connection->execute()
#2 C:\xampp\htdocs\uas_ap2\vendor\codeigniter4\framework\system\Database\BaseConnection.php(607): CodeIgniter\Database\BaseConnection->simpleQuery()
#3 C:\xampp\htdocs\uas_ap2\vendor\codeigniter4\framework\system\Database\BaseBuilder.php(2308): CodeIgniter\Database\BaseConnection->query()
#4 C:\xampp\htdocs\uas_ap2\vendor\codeigniter4\framework\system\Model.php(319): CodeIgniter\Database\BaseBuilder->insert()
#5 C:\xampp\htdocs\uas_ap2\vendor\codeigniter4\framework\system\BaseModel.php(788): CodeIgniter\Model->doInsert()
#6 C:\xampp\htdocs\uas_ap2\vendor\codeigniter4\framework\system\Model.php(715): CodeIgniter\BaseModel->insert()
#7 C:\xampp\htdocs\uas_ap2\app\Controllers\PembayaranController.php(145): CodeIgniter\Model->insert()
#8 C:\xampp\htdocs\uas_ap2\vendor\codeigniter4\framework\system\CodeIgniter.php(942): App\Controllers\PembayaranController->bayar()
#9 C:\xampp\htdocs\uas_ap2\vendor\codeigniter4\framework\system\CodeIgniter.php(502): CodeIgniter\CodeIgniter->runController()
#10 C:\xampp\htdocs\uas_ap2\vendor\codeigniter4\framework\system\CodeIgniter.php(361): CodeIgniter\CodeIgniter->handleRequest()
#11 C:\xampp\htdocs\uas_ap2\public\index.php(79): CodeIgniter\CodeIgniter->run()
#12 C:\xampp\htdocs\uas_ap2\vendor\codeigniter4\framework\system\Commands\Server\rewrite.php(47): require_once('...')
#13 {main}
CRITICAL - 2023-12-20 04:45:33 --> Duplicate entry '' for key 'PRIMARY'
in SYSTEMPATH\Database\BaseConnection.php on line 647.
 1 SYSTEMPATH\Database\BaseBuilder.php(2308): CodeIgniter\Database\BaseConnection->query()
 2 SYSTEMPATH\Model.php(319): CodeIgniter\Database\BaseBuilder->insert()
 3 SYSTEMPATH\BaseModel.php(788): CodeIgniter\Model->doInsert()
 4 SYSTEMPATH\Model.php(715): CodeIgniter\BaseModel->insert()
 5 APPPATH\Controllers\PembayaranController.php(145): CodeIgniter\Model->insert()
 6 SYSTEMPATH\CodeIgniter.php(942): App\Controllers\PembayaranController->bayar()
 7 SYSTEMPATH\CodeIgniter.php(502): CodeIgniter\CodeIgniter->runController()
 8 SYSTEMPATH\CodeIgniter.php(361): CodeIgniter\CodeIgniter->handleRequest()
 9 FCPATH\index.php(79): CodeIgniter\CodeIgniter->run()
10 SYSTEMPATH\Commands\Server\rewrite.php(47): require_once('C:\\xampp\\htdocs\\uas_ap2\\public\\index.php')
ERROR - 2023-12-20 04:45:40 --> mysqli_sql_exception: Duplicate entry '' for key 'PRIMARY' in C:\xampp\htdocs\uas_ap2\vendor\codeigniter4\framework\system\Database\MySQLi\Connection.php:306
Stack trace:
#0 C:\xampp\htdocs\uas_ap2\vendor\codeigniter4\framework\system\Database\MySQLi\Connection.php(306): mysqli->query()
#1 C:\xampp\htdocs\uas_ap2\vendor\codeigniter4\framework\system\Database\BaseConnection.php(693): CodeIgniter\Database\MySQLi\Connection->execute()
#2 C:\xampp\htdocs\uas_ap2\vendor\codeigniter4\framework\system\Database\BaseConnection.php(607): CodeIgniter\Database\BaseConnection->simpleQuery()
#3 C:\xampp\htdocs\uas_ap2\vendor\codeigniter4\framework\system\Database\BaseBuilder.php(2308): CodeIgniter\Database\BaseConnection->query()
#4 C:\xampp\htdocs\uas_ap2\vendor\codeigniter4\framework\system\Model.php(319): CodeIgniter\Database\BaseBuilder->insert()
#5 C:\xampp\htdocs\uas_ap2\vendor\codeigniter4\framework\system\BaseModel.php(788): CodeIgniter\Model->doInsert()
#6 C:\xampp\htdocs\uas_ap2\vendor\codeigniter4\framework\system\Model.php(715): CodeIgniter\BaseModel->insert()
#7 C:\xampp\htdocs\uas_ap2\app\Controllers\PembayaranController.php(145): CodeIgniter\Model->insert()
#8 C:\xampp\htdocs\uas_ap2\vendor\codeigniter4\framework\system\CodeIgniter.php(942): App\Controllers\PembayaranController->bayar()
#9 C:\xampp\htdocs\uas_ap2\vendor\codeigniter4\framework\system\CodeIgniter.php(502): CodeIgniter\CodeIgniter->runController()
#10 C:\xampp\htdocs\uas_ap2\vendor\codeigniter4\framework\system\CodeIgniter.php(361): CodeIgniter\CodeIgniter->handleRequest()
#11 C:\xampp\htdocs\uas_ap2\public\index.php(79): CodeIgniter\CodeIgniter->run()
#12 C:\xampp\htdocs\uas_ap2\vendor\codeigniter4\framework\system\Commands\Server\rewrite.php(47): require_once('...')
#13 {main}
CRITICAL - 2023-12-20 04:45:40 --> Duplicate entry '' for key 'PRIMARY'
in SYSTEMPATH\Database\BaseConnection.php on line 647.
 1 SYSTEMPATH\Database\BaseBuilder.php(2308): CodeIgniter\Database\BaseConnection->query()
 2 SYSTEMPATH\Model.php(319): CodeIgniter\Database\BaseBuilder->insert()
 3 SYSTEMPATH\BaseModel.php(788): CodeIgniter\Model->doInsert()
 4 SYSTEMPATH\Model.php(715): CodeIgniter\BaseModel->insert()
 5 APPPATH\Controllers\PembayaranController.php(145): CodeIgniter\Model->insert()
 6 SYSTEMPATH\CodeIgniter.php(942): App\Controllers\PembayaranController->bayar()
 7 SYSTEMPATH\CodeIgniter.php(502): CodeIgniter\CodeIgniter->runController()
 8 SYSTEMPATH\CodeIgniter.php(361): CodeIgniter\CodeIgniter->handleRequest()
 9 FCPATH\index.php(79): CodeIgniter\CodeIgniter->run()
10 SYSTEMPATH\Commands\Server\rewrite.php(47): require_once('C:\\xampp\\htdocs\\uas_ap2\\public\\index.php')
